[2019-05-11 17:32:30] Executing bootstrap tasks
[2019-05-11 17:32:30] OpenJDK Runtime Environment 1.8.0_191-8u191-b12-2ubuntu0.18.04.1-b12
[2019-05-11 17:32:30] Product org.eclipse.applications.cdo-server.oxygen
[2019-05-11 17:32:30] Bundle org.eclipse.oomph.setup 1.13.0.v20190511-0841, build=3976, branch=a9e6840c2346f10bcecd69f9d3bffc91149636b3
[2019-05-11 17:32:30] Bundle org.eclipse.oomph.setup.core 1.13.0.v20190511-0841, build=3976, branch=a9e6840c2346f10bcecd69f9d3bffc91149636b3
[2019-05-11 17:32:30] Bundle org.eclipse.oomph.setup.p2 1.10.0.v20180706-1242, build=3976, branch=a9e6840c2346f10bcecd69f9d3bffc91149636b3
[2019-05-11 17:32:30] Performing P2 Director (CDO Server)
[2019-05-11 17:32:30] Offline = false
[2019-05-11 17:32:30] Mirrors = true
[2019-05-11 17:32:30] Resolving 10 requirements from 2 repositories to /home/dominik/eclipse/cdo-server-oxygen/eclipse
[2019-05-11 17:32:30] Requirement org.eclipse.platform.ide
[2019-05-11 17:32:30] Requirement org.eclipse.platform.feature.group
[2019-05-11 17:32:30] Requirement org.eclipse.rcp.feature.group
[2019-05-11 17:32:30] Requirement org.eclipse.emf.cdo.server.feature.group
[2019-05-11 17:32:30] Requirement org.eclipse.emf.cdo.server.db.feature.group
[2019-05-11 17:32:30] Requirement org.eclipse.net4j.db.feature.group
[2019-05-11 17:32:30] Requirement org.eclipse.net4j.db.h2.feature.group
[2019-05-11 17:32:30] Requirement org.eclipse.net4j
[2019-05-11 17:32:30] Requirement org.eclipse.net4j.jvm
[2019-05-11 17:32:30] Requirement org.eclipse.net4j.tcp
[2019-05-11 17:32:30] Repository http://download.eclipse.org/releases/oxygen
[2019-05-11 17:32:30] Repository http://download.eclipse.org/modeling/emf/cdo/updates/integration
[2019-05-11 17:33:35] Calculating requirements and dependencies.
[2019-05-11 17:33:36] Computing prerequisite plan
[2019-05-11 17:33:41] Fetching compositeArtifacts.xml from http://download.eclipse.org/modeling/emf/cdo/updates/integration/
[2019-05-11 17:33:43] Fetching compositeArtifacts.xml from http://download.eclipse.org/modeling/emf/cdo/updates/integration/stable/
[2019-05-11 17:33:44] Fetching artifacts.jar from http://download.eclipse.org/modeling/emf/cdo/drops/S20180131-1055/ (23.43kB)
[2019-05-11 17:33:45] Fetching artifacts.jar from http://download.eclipse.org/modeling/emf/cdo/drops/S20180131-1055/categories/ (607B)
[2019-05-11 17:33:46] Fetching artifacts.jar from http://download.eclipse.org/modeling/emf/cdo/drops/S20180515-0057/ (23.63kB)
[2019-05-11 17:33:47] Fetching artifacts.jar from http://download.eclipse.org/modeling/emf/cdo/drops/S20180515-0057/categories/ (608B)
[2019-05-11 17:33:48] Fetching artifacts.jar from http://download.eclipse.org/modeling/emf/cdo/drops/S20180522-2342/ (23.33kB)
[2019-05-11 17:33:49] Fetching artifacts.jar from http://download.eclipse.org/modeling/emf/cdo/drops/S20180522-2342/categories/ (609B)
[2019-05-11 17:33:49] Fetching artifacts.jar from http://download.eclipse.org/modeling/emf/cdo/drops/S20180530-0803/ (23.76kB)
[2019-05-11 17:33:50] Fetching artifacts.jar from http://download.eclipse.org/modeling/emf/cdo/drops/S20180530-0803/categories/ (603B)
[2019-05-11 17:33:53] Fetching compositeArtifacts.xml from http://download.eclipse.org/modeling/emf/cdo/updates/integration/weekly/
[2019-05-11 17:33:53] Fetching artifacts.jar from http://download.eclipse.org/modeling/emf/cdo/drops/I20190208-0100/ (46.09kB)
[2019-05-11 17:33:55] Fetching artifacts.jar from http://download.eclipse.org/modeling/emf/cdo/drops/I20190208-0100/categories/ (615B)
[2019-05-11 17:33:55] Fetching artifacts.jar from http://download.eclipse.org/modeling/emf/cdo/drops/I20190419-0100/ (46.09kB)
[2019-05-11 17:33:57] Fetching artifacts.jar from http://download.eclipse.org/modeling/emf/cdo/drops/I20190419-0100/categories/ (612B)
[2019-05-11 17:33:57] Fetching artifacts.jar from http://download.eclipse.org/modeling/emf/cdo/drops/I20190212-0404/ (46.12kB)
[2019-05-11 17:33:59] Fetching artifacts.jar from http://download.eclipse.org/modeling/emf/cdo/drops/I20190212-0404/categories/ (609B)
[2019-05-11 17:34:00] Fetching artifacts.jar from http://download.eclipse.org/modeling/emf/cdo/drops/I20190222-0100/ (46.18kB)
[2019-05-11 17:34:02] Fetching artifacts.jar from http://download.eclipse.org/modeling/emf/cdo/drops/I20190222-0100/categories/ (610B)
[2019-05-11 17:34:02] Fetching artifacts.jar from http://download.eclipse.org/modeling/emf/cdo/drops/I20190308-0100/ (46.09kB)
[2019-05-11 17:34:03] Fetching artifacts.jar from http://download.eclipse.org/modeling/emf/cdo/drops/I20190308-0100/categories/ (611B)
[2019-05-11 17:34:04] Fetching artifacts.jar from http://download.eclipse.org/modeling/emf/cdo/drops/I20190322-0100/ (46.09kB)
[2019-05-11 17:34:05] Fetching artifacts.jar from http://download.eclipse.org/modeling/emf/cdo/drops/I20190322-0100/categories/ (611B)
[2019-05-11 17:34:06] Fetching artifacts.jar from http://download.eclipse.org/modeling/emf/cdo/drops/I20190329-0100/ (46.12kB)
[2019-05-11 17:34:08] Fetching artifacts.jar from http://download.eclipse.org/modeling/emf/cdo/drops/I20190329-0100/categories/ (611B)
[2019-05-11 17:34:08] Fetching artifacts.jar from http://download.eclipse.org/modeling/emf/cdo/drops/I20190426-0100/ (46.1kB)
[2019-05-11 17:34:10] Fetching artifacts.jar from http://download.eclipse.org/modeling/emf/cdo/drops/I20190426-0100/categories/ (612B)
[2019-05-11 17:34:11] Fetching artifacts.jar from http://download.eclipse.org/modeling/emf/cdo/drops/I20190215-0100/ (46.12kB)
[2019-05-11 17:34:12] Fetching artifacts.jar from http://download.eclipse.org/modeling/emf/cdo/drops/I20190215-0100/categories/ (610B)
[2019-05-11 17:34:12] Fetching artifacts.jar from http://download.eclipse.org/modeling/emf/cdo/drops/I20190301-0100/ (46.17kB)
[2019-05-11 17:34:14] Fetching artifacts.jar from http://download.eclipse.org/modeling/emf/cdo/drops/I20190301-0100/categories/ (611B)
[2019-05-11 17:34:14] Fetching artifacts.jar from http://download.eclipse.org/modeling/emf/cdo/drops/I20190315-0100/ (46.07kB)
[2019-05-11 17:34:16] Fetching artifacts.jar from http://download.eclipse.org/modeling/emf/cdo/drops/I20190315-0100/categories/ (611B)
[2019-05-11 17:34:16] Fetching artifacts.jar from http://download.eclipse.org/modeling/emf/cdo/drops/I20190405-0100/ (46.16kB)
[2019-05-11 17:34:18] Fetching artifacts.jar from http://download.eclipse.org/modeling/emf/cdo/drops/I20190405-0100/categories/ (611B)
[2019-05-11 17:34:18] Fetching artifacts.jar from http://download.eclipse.org/modeling/emf/cdo/drops/I20190503-0100/ (46.02kB)
[2019-05-11 17:34:19] Fetching artifacts.jar from http://download.eclipse.org/modeling/emf/cdo/drops/I20190503-0100/categories/ (611B)
[2019-05-11 17:34:20] Fetching artifacts.jar from http://download.eclipse.org/modeling/emf/cdo/drops/I20190412-0100/ (46.06kB)
[2019-05-11 17:34:21] Fetching artifacts.jar from http://download.eclipse.org/modeling/emf/cdo/drops/I20190412-0100/categories/ (610B)
[2019-05-11 17:34:22] Fetching artifacts.jar from http://download.eclipse.org/modeling/emf/cdo/drops/I20190510-0100/ (46.13kB)
[2019-05-11 17:34:24] Fetching artifacts.jar from http://download.eclipse.org/modeling/emf/cdo/drops/I20190510-0100/categories/ (611B)
[2019-05-11 17:34:24] Collecting 3 artifacts from http://download.eclipse.org/releases/oxygen
[2019-05-11 17:34:27] Downloading org.eclipse.platform_root
[2019-05-11 17:34:27] Downloading org.eclipse.rcp_root
[2019-05-11 17:34:27] Downloading org.eclipse.platform.ide.executable.gtk.linux.x86_64
[2019-05-11 17:34:27] Collected 3 artifacts for http://download.eclipse.org/releases/oxygen in 2.257s
[2019-05-11 17:34:27] Collecting 23 artifacts from http://download.eclipse.org/modeling/emf/cdo/updates/integration
[2019-05-11 17:34:34] Downloading org.eclipse.net4j.db.h2
[2019-05-11 17:34:34] Downloading org.eclipse.net4j.db.jdbc
[2019-05-11 17:34:34] Downloading org.eclipse.emf.cdo.server.product
[2019-05-11 17:34:34] Downloading org.eclipse.emf.cdo.server.db
[2019-05-11 17:34:34] Downloading org.eclipse.emf.cdo.server.security
[2019-05-11 17:34:34] Downloading org.eclipse.emf.cdo.server.admin
[2019-05-11 17:34:34] Downloading org.eclipse.emf.cdo.expressions
[2019-05-11 17:34:34] Downloading org.eclipse.emf.cdo.server.db
[2019-05-11 17:34:34] Downloading org.eclipse.net4j.db
[2019-05-11 17:34:34] Downloading org.eclipse.net4j.db.h2
[2019-05-11 17:34:34] Fetching org.eclipse.net4j.db.jdbc_4.3.300.v20180529-1130.jar.pack.gz from http://ftp.fau.de/eclipse/modeling/emf/cdo/drops/S20180530-0803/plugins/ (14.32kB)
[2019-05-11 17:34:34] Fetching org.eclipse.emf.cdo.expressions_4.3.300.v20180529-1130.jar.pack.gz from http://ftp-stud.fht-esslingen.de/pub/Mirrors/eclipse/modeling/emf/cdo/drops/S20180530-0803/plugins/ (33.11kB)
[2019-05-11 17:34:34] Fetching org.eclipse.emf.cdo.server.db_4.6.0.v20180529-1130.jar from http://ftp.halifax.rwth-aachen.de/eclipse//modeling/emf/cdo/drops/S20180530-0803/features/ (28.36kB)
[2019-05-11 17:34:34] Fetching org.eclipse.emf.cdo.server.admin_4.2.400.v20180529-1130.jar.pack.gz from http://mirror.dkm.cz/eclipse/modeling/emf/cdo/drops/S20180530-0803/plugins/ (31.55kB)
[2019-05-11 17:34:34] Fetching org.eclipse.net4j.db.h2_4.3.100.v20180529-1130.jar from http://mirrors.uniri.hr/eclipse//modeling/emf/cdo/drops/S20180530-0803/features/ (28.41kB)
[2019-05-11 17:34:34] Fetching org.eclipse.emf.cdo.server.db_4.6.0.v20180529-1130.jar.pack.gz from http://ftp.snt.utwente.nl/pub/software/eclipse//modeling/emf/cdo/drops/S20180530-0803/plugins/ (123.09kB)
[2019-05-11 17:34:34] Downloading org.eclipse.emf.cdo.net4j
[2019-05-11 17:34:34] Fetching org.eclipse.net4j.db_4.7.0.v20180529-1130.jar.pack.gz from http://mirrors.nic.cz/eclipse/modeling/emf/cdo/drops/S20180530-0803/plugins/ (66.3kB)
[2019-05-11 17:34:35] Fetching org.eclipse.emf.cdo.server.security_4.4.0.v20180529-1130.jar.pack.gz from http://mirror.tspu.ru/eclipse/modeling/emf/cdo/drops/S20180530-0803/plugins/ (27.41kB)
[2019-05-11 17:34:35] Downloading org.eclipse.emf.cdo.security
[2019-05-11 17:34:35] Downloading org.eclipse.emf.cdo.server.ocl
[2019-05-11 17:34:35] Fetching org.eclipse.emf.cdo.server.product_4.1.600.v20180529-1130.jar.pack.gz from https://ftp.acc.umu.se/mirror/eclipse.org/modeling/emf/cdo/drops/S20180530-0803/plugins/ (12.11kB)
[2019-05-11 17:34:35] Fetching org.eclipse.net4j.db.h2_4.3.100.v20180529-1130.jar.pack.gz from https://mirrors.dotsrc.org/eclipse//modeling/emf/cdo/drops/S20180530-0803/plugins/ (13.84kB)
[2019-05-11 17:34:35] Fetching org.eclipse.emf.cdo.security_4.3.300.v20180529-1130.jar.pack.gz from http://mirror.ibcp.fr/pub/eclipse//modeling/emf/cdo/drops/S20180530-0803/plugins/ (51.46kB)
[2019-05-11 17:34:35] Fetching org.eclipse.emf.cdo.net4j_4.1.600.v20180529-1130.jar.pack.gz from http://ftp.linux.org.tr/eclipse//modeling/emf/cdo/drops/S20180530-0803/plugins/ (60.24kB)
[2019-05-11 17:34:35] Fetching org.eclipse.emf.cdo.server.ocl_4.2.300.v20180529-1130.jar.pack.gz from http://mirrors.xmission.com/eclipse/modeling/emf/cdo/drops/S20180530-0803/plugins/ (22.14kB)
[2019-05-11 17:34:36] Downloading org.eclipse.net4j.jvm
[2019-05-11 17:34:36] Downloading org.eclipse.emf.cdo.server
[2019-05-11 17:34:36] Downloading org.eclipse.net4j
[2019-05-11 17:34:36] Downloading org.eclipse.emf.cdo
[2019-05-11 17:34:36] Downloading org.eclipse.emf.cdo.server.net4j
[2019-05-11 17:34:36] Downloading org.eclipse.net4j.tcp
[2019-05-11 17:34:37] Fetching org.eclipse.net4j.tcp_4.1.700.v20190201-1604.jar.pack.gz from http://download.eclipse.org/modeling/emf/cdo/drops/I20190208-0100/plugins/ (30.19kB)
[2019-05-11 17:34:37] Fetching org.eclipse.emf.cdo.server_4.8.0.v20190201-1604.jar.pack.gz from http://download.eclipse.org/modeling/emf/cdo/drops/I20190208-0100/plugins/ (143.77kB)
[2019-05-11 17:34:37] Fetching org.eclipse.emf.cdo_4.7.0.v20190203-0837.jar.pack.gz from http://download.eclipse.org/modeling/emf/cdo/drops/I20190208-0100/plugins/ (262.11kB)
[2019-05-11 17:34:37] Fetching org.eclipse.net4j.jvm_4.1.600.v20180921-1608.jar.pack.gz from http://download.eclipse.org/modeling/emf/cdo/drops/I20190208-0100/plugins/ (13.1kB)
[2019-05-11 17:34:37] Fetching org.eclipse.net4j_4.8.0.v20190201-1604.jar.pack.gz from http://download.eclipse.org/modeling/emf/cdo/drops/I20190208-0100/plugins/ (62.1kB)
[2019-05-11 17:34:37] Fetching org.eclipse.emf.cdo.server.net4j_4.1.600.v20190201-1604.jar.pack.gz from http://download.eclipse.org/modeling/emf/cdo/drops/I20190208-0100/plugins/ (46.98kB)
[2019-05-11 17:34:39] Downloading org.eclipse.emf.cdo.server
[2019-05-11 17:34:39] Downloading org.eclipse.emf.cdo.common
[2019-05-11 17:34:39] Downloading org.eclipse.net4j.db
[2019-05-11 17:34:39] Downloading org.eclipse.net4j.util
[2019-05-11 17:34:39] Fetching org.eclipse.net4j.db_4.8.0.v20190212-0900.jar from http://download.eclipse.org/modeling/emf/cdo/drops/I20190419-0100/features/ (28.55kB)
[2019-05-11 17:34:39] Fetching org.eclipse.emf.cdo.common_4.8.0.v20190212-0900.jar.pack.gz from http://download.eclipse.org/modeling/emf/cdo/drops/I20190419-0100/plugins/ (160.61kB)
[2019-05-11 17:34:39] Fetching org.eclipse.net4j.util_3.9.0.v20190212-0900.jar.pack.gz from http://download.eclipse.org/modeling/emf/cdo/drops/I20190419-0100/plugins/ (218.99kB)
[2019-05-11 17:34:39] Fetching org.eclipse.emf.cdo.server_4.8.0.v20190212-0900.jar from http://download.eclipse.org/modeling/emf/cdo/drops/I20190419-0100/features/ (28.54kB)
[2019-05-11 17:34:41] Mirrored 1 artifacts from http://ftp.snt.utwente.nl/pub/software/eclipse//modeling/emf/cdo/drops/S20180530-0803/ at 164kb/s
[2019-05-11 17:34:41] Mirrored 1 artifacts from http://mirrors.nic.cz/eclipse/modeling/emf/cdo/drops/S20180530-0803/ at 111kb/s
[2019-05-11 17:34:41] Mirrored 1 artifacts from http://ftp-stud.fht-esslingen.de/pub/Mirrors/eclipse/modeling/emf/cdo/drops/S20180530-0803/ at 91kb/s
[2019-05-11 17:34:41] Mirrored 1 artifacts from http://mirror.ibcp.fr/pub/eclipse//modeling/emf/cdo/drops/S20180530-0803/ at 83kb/s
[2019-05-11 17:34:41] Mirrored 1 artifacts from http://mirror.dkm.cz/eclipse/modeling/emf/cdo/drops/S20180530-0803/ at 80kb/s
[2019-05-11 17:34:41] Mirrored 1 artifacts from http://ftp.halifax.rwth-aachen.de/eclipse//modeling/emf/cdo/drops/S20180530-0803/ at 70kb/s
[2019-05-11 17:34:41] Mirrored 1 artifacts from http://ftp.linux.org.tr/eclipse//modeling/emf/cdo/drops/S20180530-0803/ at 69kb/s
[2019-05-11 17:34:41] Mirrored 1 artifacts from http://mirrors.uniri.hr/eclipse//modeling/emf/cdo/drops/S20180530-0803/ at 64kb/s
[2019-05-11 17:34:41] Mirrored 1 artifacts from http://ftp.fau.de/eclipse/modeling/emf/cdo/drops/S20180530-0803/ at 61kb/s
[2019-05-11 17:34:41] Mirrored 1 artifacts from http://mirror.tspu.ru/eclipse/modeling/emf/cdo/drops/S20180530-0803/ at 48kb/s
[2019-05-11 17:34:41] Mirrored 1 artifacts from http://mirrors.xmission.com/eclipse/modeling/emf/cdo/drops/S20180530-0803/ at 26kb/s
[2019-05-11 17:34:41] Mirrored 1 artifacts from https://ftp.acc.umu.se/mirror/eclipse.org/modeling/emf/cdo/drops/S20180530-0803/ at 19kb/s
[2019-05-11 17:34:41] Mirrored 1 artifacts from https://mirrors.dotsrc.org/eclipse//modeling/emf/cdo/drops/S20180530-0803/ at 18kb/s
[2019-05-11 17:34:41] Mirrored 6 artifacts from http://download.eclipse.org/modeling/emf/cdo/drops/I20190208-0100/ at 117kb/s
[2019-05-11 17:34:41] Mirrored 4 artifacts from http://download.eclipse.org/modeling/emf/cdo/drops/I20190419-0100/ at 126kb/s
[2019-05-11 17:34:41] Collected 23 artifacts for http://download.eclipse.org/modeling/emf/cdo/updates/integration in 13.955s
[2019-05-11 17:34:45] Installing a.jre.javase [1.6.0]
[2019-05-11 17:34:45] Installing com.ibm.icu [58.2.0.v20170418-1837]
[2019-05-11 17:34:45] Installing com.jcraft.jsch [0.1.54.v20170116-1932]
[2019-05-11 17:34:45] Installing com.sun.el [2.2.0.v201303151357]
[2019-05-11 17:34:45] Installing config.a.jre.javase [1.6.0]
[2019-05-11 17:34:45] Installing javax.annotation [1.2.0.v201602091430]
[2019-05-11 17:34:45] Installing javax.el [2.2.0.v201303151357]
[2019-05-11 17:34:45] Installing javax.inject [1.0.0.v20091030]
[2019-05-11 17:34:45] Installing javax.servlet [3.1.0.v201410161800]
[2019-05-11 17:34:45] Installing javax.servlet.jsp [2.2.0.v201112011158]
[2019-05-11 17:34:45] Installing lpg.runtime.java [2.0.17.v201004271640]
[2019-05-11 17:34:45] Installing org.apache.ant [1.10.1.v20170504-0840]
[2019-05-11 17:34:45] Installing org.apache.batik.css [1.8.0.v20170214-1941]
[2019-05-11 17:34:45] Installing org.apache.batik.util [1.8.0.v20170214-1941]
[2019-05-11 17:34:45] Installing org.apache.batik.util.gui [1.8.0.v20170214-1941]
[2019-05-11 17:34:45] Installing org.apache.commons.codec [1.9.0.v20170208-1614]
[2019-05-11 17:34:45] Installing org.apache.commons.jxpath [1.3.0.v200911051830]
[2019-05-11 17:34:45] Installing org.apache.commons.logging [1.1.1.v201101211721]
[2019-05-11 17:34:45] Installing org.apache.felix.gogo.command [0.10.0.v201209301215]
[2019-05-11 17:34:45] Installing org.apache.felix.gogo.runtime [0.10.0.v201209301036]
[2019-05-11 17:34:45] Installing org.apache.felix.gogo.shell [0.10.0.v201212101605]
[2019-05-11 17:34:45] Installing org.apache.felix.scr [2.0.10.v20170501-2007]
[2019-05-11 17:34:45] Installing org.apache.httpcomponents.httpclient [4.5.2.v20170210-0925]
[2019-05-11 17:34:45] Installing org.apache.httpcomponents.httpcore [4.4.6.v20170210-0925]
[2019-05-11 17:34:45] Installing org.apache.jasper.glassfish [2.2.2.v201501141630]
[2019-05-11 17:34:45] Installing org.apache.lucene.analyzers-common [6.1.0.v20161115-1612]
[2019-05-11 17:34:45] Installing org.apache.lucene.analyzers-smartcn [6.1.0.v20161115-1612]
[2019-05-11 17:34:45] Installing org.apache.lucene.core [6.1.0.v20170814-1820]
[2019-05-11 17:34:45] Installing org.apache.lucene.misc [6.1.0.v20161115-1612]
[2019-05-11 17:34:45] Installing org.eclipse.ant.core [3.5.0.v20170509-2149]
[2019-05-11 17:34:45] Installing org.eclipse.compare [3.7.101.v20170724-1603]
[2019-05-11 17:34:45] Installing org.eclipse.compare.core [3.6.100.v20170516-0820]
[2019-05-11 17:34:45] Installing org.eclipse.core.commands [3.9.0.v20170530-1048]
[2019-05-11 17:34:45] Installing org.eclipse.core.contenttype [3.6.0.v20170207-1037]
[2019-05-11 17:34:45] Installing org.eclipse.core.databinding [1.6.100.v20170515-1119]
[2019-05-11 17:34:45] Installing org.eclipse.core.databinding.beans [1.4.0.v20170210-0856]
[2019-05-11 17:34:45] Installing org.eclipse.core.databinding.observable [1.6.100.v20170515-1119]
[2019-05-11 17:34:45] Installing org.eclipse.core.databinding.property [1.6.100.v20170515-1119]
[2019-05-11 17:34:45] Installing org.eclipse.core.expressions [3.6.0.v20170207-1037]
[2019-05-11 17:34:45] Installing org.eclipse.core.externaltools [1.1.0.v20170113-2056]
[2019-05-11 17:34:45] Installing org.eclipse.core.filebuffers [3.6.100.v20170203-1130]
[2019-05-11 17:34:45] Installing org.eclipse.core.filesystem [1.7.0.v20170406-1337]
[2019-05-11 17:34:45] Installing org.eclipse.core.filesystem.linux.x86_64 [1.2.200.v20140124-1940]
[2019-05-11 17:34:45] Installing org.eclipse.core.jobs [3.9.3.v20180115-1757]
[2019-05-11 17:34:45] Installing org.eclipse.core.net [1.3.100.v20170516-0820]
[2019-05-11 17:34:45] Installing org.eclipse.core.net.linux.x86_64 [1.2.0.v20160323-1650]
[2019-05-11 17:34:45] Installing org.eclipse.core.resources [3.12.0.v20170417-1558]
[2019-05-11 17:34:45] Installing org.eclipse.core.runtime [3.13.0.v20170207-1030]
[2019-05-11 17:34:45] Installing org.eclipse.core.variables [3.4.0.v20170113-2056]
[2019-05-11 17:34:45] Installing org.eclipse.debug.core [3.11.0.v20170605-1534]
[2019-05-11 17:34:45] Installing org.eclipse.debug.ui [3.12.50.v20170920-1329]
[2019-05-11 17:34:45] Installing org.eclipse.e4.core.commands [0.12.100.v20170513-0428]
[2019-05-11 17:34:45] Installing org.eclipse.e4.core.contexts [1.6.0.v20170322-1144]
[2019-05-11 17:34:45] Installing org.eclipse.e4.core.di [1.6.100.v20170421-1418]
[2019-05-11 17:34:45] Installing org.eclipse.e4.core.di.annotations [1.6.0.v20170119-2002]
[2019-05-11 17:34:45] Installing org.eclipse.e4.core.di.extensions [0.15.0.v20170228-1728]
[2019-05-11 17:34:45] Installing org.eclipse.e4.core.di.extensions.supplier [0.15.0.v20170407-0928]
[2019-05-11 17:34:45] Installing org.eclipse.e4.core.services [2.1.0.v20170407-0928]
[2019-05-11 17:34:45] Installing org.eclipse.e4.emf.xpath [0.2.0.v20160630-0728]
[2019-05-11 17:34:45] Installing org.eclipse.e4.rcp.feature.group [1.6.3.v20180329-0507]
[2019-05-11 17:34:45] Installing org.eclipse.e4.rcp.feature.jar [1.6.3.v20180329-0507]
[2019-05-11 17:34:45] Installing org.eclipse.e4.ui.bindings [0.12.1.v20170823-1632]
[2019-05-11 17:34:45] Installing org.eclipse.e4.ui.css.core [0.12.101.v20170712-1547]
[2019-05-11 17:34:45] Installing org.eclipse.e4.ui.css.swt [0.13.1.v20170808-1940]
[2019-05-11 17:34:45] Installing org.eclipse.e4.ui.css.swt.theme [0.11.0.v20170312-2302]
[2019-05-11 17:34:45] Installing org.eclipse.e4.ui.di [1.2.100.v20170414-1137]
[2019-05-11 17:34:45] Installing org.eclipse.e4.ui.dialogs [1.1.100.v20170104-1425]
[2019-05-11 17:34:45] Installing org.eclipse.e4.ui.model.workbench [2.0.1.v20170713-1800]
[2019-05-11 17:34:45] Installing org.eclipse.e4.ui.services [1.3.0.v20170307-2032]
[2019-05-11 17:34:45] Installing org.eclipse.e4.ui.swt.gtk [1.0.200.v20170513-0428]
[2019-05-11 17:34:45] Installing org.eclipse.e4.ui.widgets [1.2.0.v20160630-0736]
[2019-05-11 17:34:45] Installing org.eclipse.e4.ui.workbench [1.5.1.v20170815-1446]
[2019-05-11 17:34:45] Installing org.eclipse.e4.ui.workbench.addons.swt [1.3.1.v20170319-1442]
[2019-05-11 17:34:45] Installing org.eclipse.e4.ui.workbench.renderers.swt [0.14.102.v20180117-1153]
[2019-05-11 17:34:45] Installing org.eclipse.e4.ui.workbench.swt [0.14.101.v20170710-1119]
[2019-05-11 17:34:45] Installing org.eclipse.e4.ui.workbench3 [0.14.0.v20160630-0740]
[2019-05-11 17:34:45] Installing org.eclipse.ecf [3.8.0.v20170104-0657]
[2019-05-11 17:34:45] Installing org.eclipse.ecf.core.feature.feature.group [1.4.0.v20170516-2248]
[2019-05-11 17:34:45] Installing org.eclipse.ecf.core.feature.feature.jar [1.4.0.v20170516-2248]
[2019-05-11 17:34:45] Installing org.eclipse.ecf.core.ssl.feature.feature.group [1.1.0.v20170110-1317]
[2019-05-11 17:34:45] Installing org.eclipse.ecf.core.ssl.feature.feature.jar [1.1.0.v20170110-1317]
[2019-05-11 17:34:45] Installing org.eclipse.ecf.filetransfer [5.0.0.v20160817-1024]
[2019-05-11 17:34:45] Installing org.eclipse.ecf.filetransfer.feature.feature.group [3.13.8.v20170715-2257]
[2019-05-11 17:34:45] Installing org.eclipse.ecf.filetransfer.feature.feature.jar [3.13.8.v20170715-2257]
[2019-05-11 17:34:45] Installing org.eclipse.ecf.filetransfer.httpclient4.feature.feature.group [3.13.8.v20170715-2257]
[2019-05-11 17:34:45] Installing org.eclipse.ecf.filetransfer.httpclient4.feature.feature.jar [3.13.8.v20170715-2257]
[2019-05-11 17:34:45] Installing org.eclipse.ecf.filetransfer.httpclient4.ssl.feature.feature.group [1.1.0.v20170110-1317]
[2019-05-11 17:34:45] Installing org.eclipse.ecf.filetransfer.httpclient4.ssl.feature.feature.jar [1.1.0.v20170110-1317]
[2019-05-11 17:34:45] Installing org.eclipse.ecf.filetransfer.ssl.feature.feature.group [1.1.0.v20170110-1317]
[2019-05-11 17:34:45] Installing org.eclipse.ecf.filetransfer.ssl.feature.feature.jar [1.1.0.v20170110-1317]
[2019-05-11 17:34:45] Installing org.eclipse.ecf.identity [3.8.0.v20161203-2153]
[2019-05-11 17:34:45] Installing org.eclipse.ecf.provider.filetransfer [3.2.300.v20161203-1840]
[2019-05-11 17:34:45] Installing org.eclipse.ecf.provider.filetransfer.httpclient4 [1.1.200.v20170314-0133]
[2019-05-11 17:34:45] Installing org.eclipse.ecf.provider.filetransfer.httpclient4.ssl [1.1.0.v20160817-1024]
[2019-05-11 17:34:45] Installing org.eclipse.ecf.provider.filetransfer.ssl [1.0.0.v20160817-1024]
[2019-05-11 17:34:45] Installing org.eclipse.ecf.ssl [1.2.0.v20160817-1024]
[2019-05-11 17:34:45] Installing org.eclipse.emf.cdo [4.7.0.v20190203-0837]
[2019-05-11 17:34:45] Installing org.eclipse.emf.cdo.common [4.8.0.v20190212-0900]
[2019-05-11 17:34:45] Installing org.eclipse.emf.cdo.expressions [4.3.300.v20180529-1130]
[2019-05-11 17:34:45] Installing org.eclipse.emf.cdo.net4j [4.1.600.v20180529-1130]
[2019-05-11 17:34:45] Installing org.eclipse.emf.cdo.security [4.3.300.v20180529-1130]
[2019-05-11 17:34:45] Installing org.eclipse.emf.cdo.server [4.8.0.v20190201-1604]
[2019-05-11 17:34:45] Installing org.eclipse.emf.cdo.server.admin [4.2.400.v20180529-1130]
[2019-05-11 17:34:45] Installing org.eclipse.emf.cdo.server.db [4.6.0.v20180529-1130]
[2019-05-11 17:34:45] Installing org.eclipse.emf.cdo.server.db.feature.group [4.6.0.v20180529-1130]
[2019-05-11 17:34:45] Installing org.eclipse.emf.cdo.server.db.feature.jar [4.6.0.v20180529-1130]
[2019-05-11 17:34:45] Installing org.eclipse.emf.cdo.server.feature.group [4.8.0.v20190212-0900]
[2019-05-11 17:34:45] Installing org.eclipse.emf.cdo.server.feature.jar [4.8.0.v20190212-0900]
[2019-05-11 17:34:45] Installing org.eclipse.emf.cdo.server.net4j [4.1.600.v20190201-1604]
[2019-05-11 17:34:45] Installing org.eclipse.emf.cdo.server.ocl [4.2.300.v20180529-1130]
[2019-05-11 17:34:45] Installing org.eclipse.emf.cdo.server.product [4.1.600.v20180529-1130]
[2019-05-11 17:34:45] Installing org.eclipse.emf.cdo.server.security [4.4.0.v20180529-1130]
[2019-05-11 17:34:45] Installing org.eclipse.emf.common [2.13.0.v20170609-0707]
[2019-05-11 17:34:45] Installing org.eclipse.emf.common.feature.group [2.13.0.v20170609-0707]
[2019-05-11 17:34:45] Installing org.eclipse.emf.common.feature.jar [2.13.0.v20170609-0707]
[2019-05-11 17:34:45] Installing org.eclipse.emf.ecore [2.13.0.v20170609-0707]
[2019-05-11 17:34:45] Installing org.eclipse.emf.ecore.change [2.11.0.v20170609-0707]
[2019-05-11 17:34:45] Installing org.eclipse.emf.ecore.feature.group [2.13.0.v20170609-0707]
[2019-05-11 17:34:45] Installing org.eclipse.emf.ecore.feature.jar [2.13.0.v20170609-0707]
[2019-05-11 17:34:45] Installing org.eclipse.emf.ecore.xmi [2.13.0.v20170609-0707]
[2019-05-11 17:34:45] Installing org.eclipse.equinox.app [1.3.400.v20150715-1528]
[2019-05-11 17:34:45] Installing org.eclipse.equinox.bidi [1.1.0.v20160728-1031]
[2019-05-11 17:34:45] Installing org.eclipse.equinox.common [3.9.0.v20170207-1454]
[2019-05-11 17:34:45] Installing org.eclipse.equinox.concurrent [1.1.0.v20130327-1442]
[2019-05-11 17:34:45] Installing org.eclipse.equinox.console [1.1.300.v20170512-2111]
[2019-05-11 17:34:45] Installing org.eclipse.equinox.ds [1.5.0.v20170307-1429]
[2019-05-11 17:34:45] Installing org.eclipse.equinox.event [1.4.0.v20170105-1446]
[2019-05-11 17:34:45] Installing org.eclipse.equinox.frameworkadmin [2.0.300.v20160504-1450]
[2019-05-11 17:34:45] Installing org.eclipse.equinox.frameworkadmin.equinox [1.0.800.v20170524-1345]
[2019-05-11 17:34:45] Installing org.eclipse.equinox.http.jetty [3.4.0.v20170503-2025]
[2019-05-11 17:34:45] Installing org.eclipse.equinox.http.registry [1.1.400.v20150715-1528]
[2019-05-11 17:34:45] Installing org.eclipse.equinox.http.servlet [1.4.0.v20170524-1452]
[2019-05-11 17:34:45] Installing org.eclipse.equinox.jsp.jasper [1.0.500.v20150119-1358]
[2019-05-11 17:34:45] Installing org.eclipse.equinox.jsp.jasper.registry [1.0.300.v20130327-1442]
[2019-05-11 17:34:45] Installing org.eclipse.equinox.launcher [1.4.0.v20161219-1356]
[2019-05-11 17:34:45] Installing org.eclipse.equinox.launcher.gtk.linux.x86_64 [1.1.551.v20171108-1834]
[2019-05-11 17:34:45] Installing org.eclipse.equinox.p2.artifact.repository [1.1.650.v20170928-1405]
[2019-05-11 17:34:45] Installing org.eclipse.equinox.p2.console [1.0.600.v20170511-1106]
[2019-05-11 17:34:45] Installing org.eclipse.equinox.p2.core [2.4.101.v20170906-1259]
[2019-05-11 17:34:45] Installing org.eclipse.equinox.p2.core.feature.feature.group [1.4.1.v20170928-1405]
[2019-05-11 17:34:45] Installing org.eclipse.equinox.p2.core.feature.feature.jar [1.4.1.v20170928-1405]
[2019-05-11 17:34:45] Installing org.eclipse.equinox.p2.director [2.3.300.v20160504-1450]
[2019-05-11 17:34:45] Installing org.eclipse.equinox.p2.director.app [1.0.500.v20160419-0834]
[2019-05-11 17:34:45] Installing org.eclipse.equinox.p2.directorywatcher [1.1.100.v20150423-1455]
[2019-05-11 17:34:45] Installing org.eclipse.equinox.p2.engine [2.5.0.v20170319-2002]
[2019-05-11 17:34:45] Installing org.eclipse.equinox.p2.extensionlocation [1.2.300.v20160419-0834]
[2019-05-11 17:34:45] Installing org.eclipse.equinox.p2.extras.feature.feature.group [1.3.1.v20170928-1405]
[2019-05-11 17:34:45] Installing org.eclipse.equinox.p2.extras.feature.feature.jar [1.3.1.v20170928-1405]
[2019-05-11 17:34:45] Installing org.eclipse.equinox.p2.garbagecollector [1.0.300.v20160504-1450]
[2019-05-11 17:34:45] Installing org.eclipse.equinox.p2.jarprocessor [1.0.500.v20160504-1450]
[2019-05-11 17:34:45] Installing org.eclipse.equinox.p2.metadata [2.3.200.v20170511-1106]
[2019-05-11 17:34:45] Installing org.eclipse.equinox.p2.metadata.repository [1.2.401.v20170906-1259]
[2019-05-11 17:34:45] Installing org.eclipse.equinox.p2.operations [2.4.300.v20170511-1106]
[2019-05-11 17:34:45] Installing org.eclipse.equinox.p2.publisher [1.4.200.v20170511-1216]
[2019-05-11 17:34:45] Installing org.eclipse.equinox.p2.publisher.eclipse [1.2.201.v20170906-1259]
[2019-05-11 17:34:45] Installing org.eclipse.equinox.p2.rcp.feature.feature.group [1.3.2.v20171108-1343]
[2019-05-11 17:34:45] Installing org.eclipse.equinox.p2.rcp.feature.feature.jar [1.3.2.v20171108-1343]
[2019-05-11 17:34:45] Installing org.eclipse.equinox.p2.reconciler.dropins [1.1.400.v20160504-1450]
[2019-05-11 17:34:45] Installing org.eclipse.equinox.p2.repository [2.3.301.v20170906-1259]
[2019-05-11 17:34:45] Installing org.eclipse.equinox.p2.repository.tools [2.1.400.v20170511-1216]
[2019-05-11 17:34:45] Installing org.eclipse.equinox.p2.touchpoint.eclipse [2.1.501.v20170906-1259]
[2019-05-11 17:34:45] Installing org.eclipse.equinox.p2.touchpoint.natives [1.2.200.v20170511-1216]
[2019-05-11 17:34:45] Installing org.eclipse.equinox.p2.transport.ecf [1.1.300.v20161004-0244]
[2019-05-11 17:34:45] Installing org.eclipse.equinox.p2.ui [2.5.2.v20171013-1525]
[2019-05-11 17:34:45] Installing org.eclipse.equinox.p2.ui.importexport [1.1.301.v20170816-1007]
[2019-05-11 17:34:45] Installing org.eclipse.equinox.p2.ui.sdk [1.0.500.v20170511-1216]
[2019-05-11 17:34:45] Installing org.eclipse.equinox.p2.ui.sdk.scheduler [1.3.100.v20170418-0708]
[2019-05-11 17:34:45] Installing org.eclipse.equinox.p2.updatechecker [1.1.400.v20170106-2125]
[2019-05-11 17:34:45] Installing org.eclipse.equinox.p2.updatesite [1.0.601.v20170906-1259]
[2019-05-11 17:34:45] Installing org.eclipse.equinox.p2.user.ui.feature.group [2.3.2.v20171108-1343]
[2019-05-11 17:34:45] Installing org.eclipse.equinox.p2.user.ui.feature.jar [2.3.2.v20171108-1343]
[2019-05-11 17:34:45] Installing org.eclipse.equinox.preferences [3.7.0.v20170126-2132]
[2019-05-11 17:34:45] Installing org.eclipse.equinox.registry [3.7.0.v20170222-1344]
[2019-05-11 17:34:45] Installing org.eclipse.equinox.security [1.2.300.v20170505-1235]
[2019-05-11 17:34:45] Installing org.eclipse.equinox.security.linux.x86_64 [1.0.100.v20170504-1307]
[2019-05-11 17:34:45] Installing org.eclipse.equinox.security.ui [1.1.400.v20170505-1235]
[2019-05-11 17:34:45] Installing org.eclipse.equinox.simpleconfigurator [1.2.1.v20180131-1435]
[2019-05-11 17:34:45] Installing org.eclipse.equinox.simpleconfigurator.manipulator [2.0.300.v20170515-0721]
[2019-05-11 17:34:45] Installing org.eclipse.equinox.util [1.0.500.v20130404-1337]
[2019-05-11 17:34:45] Installing org.eclipse.help [3.8.1.v20170815-1448]
[2019-05-11 17:34:45] Installing org.eclipse.help.base [4.2.153.v20180330-0640]
[2019-05-11 17:34:45] Installing org.eclipse.help.feature.group [2.2.104.v20180330-0640]
[2019-05-11 17:34:45] Installing org.eclipse.help.feature.jar [2.2.104.v20180330-0640]
[2019-05-11 17:34:45] Installing org.eclipse.help.ui [4.1.0.v20170311-0931]
[2019-05-11 17:34:45] Installing org.eclipse.help.webapp [3.9.1.v20170816-0843]
[2019-05-11 17:34:45] Installing org.eclipse.jetty.continuation [9.4.8.v20171121]
[2019-05-11 17:34:45] Installing org.eclipse.jetty.http [9.4.8.v20171121]
[2019-05-11 17:34:45] Installing org.eclipse.jetty.io [9.4.8.v20171121]
[2019-05-11 17:34:45] Installing org.eclipse.jetty.security [9.4.8.v20171121]
[2019-05-11 17:34:45] Installing org.eclipse.jetty.server [9.4.8.v20171121]
[2019-05-11 17:34:45] Installing org.eclipse.jetty.servlet [9.4.8.v20171121]
[2019-05-11 17:34:45] Installing org.eclipse.jetty.util [9.4.8.v20171121]
[2019-05-11 17:34:45] Installing org.eclipse.jface [3.13.2.v20171022-1656]
[2019-05-11 17:34:45] Installing org.eclipse.jface.databinding [1.8.100.v20170503-1507]
[2019-05-11 17:34:45] Installing org.eclipse.jface.text [3.12.2.v20180112-1341]
[2019-05-11 17:34:45] Installing org.eclipse.jsch.core [1.3.0.v20160422-1917]
[2019-05-11 17:34:45] Installing org.eclipse.jsch.ui [1.3.0.v20160323-1650]
[2019-05-11 17:34:45] Installing org.eclipse.ltk.core.refactoring [3.8.0.v20170105-1156]
[2019-05-11 17:34:45] Installing org.eclipse.ltk.ui.refactoring [3.9.0.v20170412-0825]
[2019-05-11 17:34:45] Installing org.eclipse.net4j [4.8.0.v20190201-1604]
[2019-05-11 17:34:45] Installing org.eclipse.net4j.db [4.7.0.v20180529-1130]
[2019-05-11 17:34:45] Installing org.eclipse.net4j.db.feature.group [4.8.0.v20190212-0900]
[2019-05-11 17:34:45] Installing org.eclipse.net4j.db.feature.jar [4.8.0.v20190212-0900]
[2019-05-11 17:34:45] Installing org.eclipse.net4j.db.h2 [4.3.100.v20180529-1130]
[2019-05-11 17:34:45] Installing org.eclipse.net4j.db.h2.feature.group [4.3.100.v20180529-1130]
[2019-05-11 17:34:45] Installing org.eclipse.net4j.db.h2.feature.jar [4.3.100.v20180529-1130]
[2019-05-11 17:34:45] Installing org.eclipse.net4j.db.jdbc [4.3.300.v20180529-1130]
[2019-05-11 17:34:45] Installing org.eclipse.net4j.jvm [4.1.600.v20180921-1608]
[2019-05-11 17:34:45] Installing org.eclipse.net4j.tcp [4.1.700.v20190201-1604]
[2019-05-11 17:34:45] Installing org.eclipse.net4j.util [3.9.0.v20190212-0900]
[2019-05-11 17:34:45] Installing org.eclipse.ocl [3.6.200.v20170522-1736]
[2019-05-11 17:34:45] Installing org.eclipse.ocl.common [1.4.200.v20160613-1518]
[2019-05-11 17:34:45] Installing org.eclipse.ocl.ecore [3.6.200.v20170522-1736]
[2019-05-11 17:34:45] Installing org.eclipse.osgi [3.12.100.v20180210-1608]
[2019-05-11 17:34:45] Installing org.eclipse.osgi.compatibility.state [1.1.0.v20170516-1513]
[2019-05-11 17:34:45] Installing org.eclipse.osgi.services [3.6.0.v20170228-1906]
[2019-05-11 17:34:45] Installing org.eclipse.osgi.util [3.4.0.v20170111-1608]
[2019-05-11 17:34:45] Installing org.eclipse.platform [4.7.3.v20180330-0640]
[2019-05-11 17:34:45] Installing org.eclipse.platform.doc.user [4.7.3.v20180328-1557]
[2019-05-11 17:34:45] Installing org.eclipse.platform.feature.group [4.7.3.v20180330-0640]
[2019-05-11 17:34:45] Installing org.eclipse.platform.feature.jar [4.7.3.v20180330-0640]
[2019-05-11 17:34:45] Installing org.eclipse.platform.ide [4.7.3.M20180330-0640]
[2019-05-11 17:34:45] Installing org.eclipse.platform.ide.executable.gtk.linux.x86_64 [4.7.3.M20180330-0640]
[2019-05-11 17:34:45] Installing org.eclipse.platform.ide.executable.gtk.linux.x86_64.eclipse [4.7.3.M20180330-0640]
[2019-05-11 17:34:45] Installing org.eclipse.platform_root [4.7.3.v20180330-0640]
[2019-05-11 17:34:45] Installing org.eclipse.rcp [4.7.3.v20180330-0640]
[2019-05-11 17:34:45] Installing org.eclipse.rcp.feature.group [4.7.3.v20180330-0640]
[2019-05-11 17:34:45] Installing org.eclipse.rcp.feature.jar [4.7.3.v20180330-0640]
[2019-05-11 17:34:45] Installing org.eclipse.rcp_root [4.7.3.v20180330-0640]
[2019-05-11 17:34:45] Installing org.eclipse.search [3.11.100.v20170515-1603]
[2019-05-11 17:34:45] Installing org.eclipse.swt [3.106.3.v20180329-0507]
[2019-05-11 17:34:45] Installing org.eclipse.swt.gtk.linux.x86_64 [3.106.3.v20180329-0507]
[2019-05-11 17:34:45] Installing org.eclipse.team.core [3.8.100.v20170516-0820]
[2019-05-11 17:34:45] Installing org.eclipse.team.genericeditor.diff.extension [1.0.1.v20170809-1356]
[2019-05-11 17:34:45] Installing org.eclipse.team.ui [3.8.1.v20170515-1133]
[2019-05-11 17:34:45] Installing org.eclipse.text [3.6.100.v20170203-0814]
[2019-05-11 17:34:45] Installing org.eclipse.ui [3.109.0.v20170411-1742]
[2019-05-11 17:34:45] Installing org.eclipse.ui.browser [3.6.100.v20170418-1342]
[2019-05-11 17:34:45] Installing org.eclipse.ui.cheatsheets [3.5.100.v20170515-0748]
[2019-05-11 17:34:45] Installing org.eclipse.ui.console [3.7.1.v20170728-0806]
[2019-05-11 17:34:45] Installing org.eclipse.ui.editors [3.11.0.v20170202-1823]
[2019-05-11 17:34:45] Installing org.eclipse.ui.externaltools [3.4.0.v20161212-0515]
[2019-05-11 17:34:45] Installing org.eclipse.ui.forms [3.7.101.v20170815-1446]
[2019-05-11 17:34:45] Installing org.eclipse.ui.genericeditor [1.0.2.v20180126-0718]
[2019-05-11 17:34:45] Installing org.eclipse.ui.ide [3.13.1.v20170822-1526]
[2019-05-11 17:34:45] Installing org.eclipse.ui.ide.application [1.2.0.v20170512-1452]
[2019-05-11 17:34:45] Installing org.eclipse.ui.intro [3.5.100.v20170418-0710]
[2019-05-11 17:34:45] Installing org.eclipse.ui.intro.quicklinks [1.0.100.v20170515-0756]
[2019-05-11 17:34:45] Installing org.eclipse.ui.intro.universal [3.3.100.v20170515-1335]
[2019-05-11 17:34:45] Installing org.eclipse.ui.monitoring [1.1.100.v20170131-1736]
[2019-05-11 17:34:45] Installing org.eclipse.ui.navigator [3.7.0.v20170418-1342]
[2019-05-11 17:34:45] Installing org.eclipse.ui.navigator.resources [3.6.1.v20170823-1443]
[2019-05-11 17:34:45] Installing org.eclipse.ui.net [1.3.100.v20170516-0820]
[2019-05-11 17:34:45] Installing org.eclipse.ui.themes [1.2.1.v20170809-1435]
[2019-05-11 17:34:45] Installing org.eclipse.ui.views [3.9.0.v20170226-1833]
[2019-05-11 17:34:45] Installing org.eclipse.ui.views.properties.tabbed [3.8.1.v20170713-0803]
[2019-05-11 17:34:45] Installing org.eclipse.ui.workbench [3.110.1.v20170704-1208]
[2019-05-11 17:34:45] Installing org.eclipse.ui.workbench.texteditor [3.10.100.v20170426-2021]
[2019-05-11 17:34:45] Installing org.eclipse.update.configurator [3.3.400.v20160506-0750]
[2019-05-11 17:34:45] Installing org.h2 [1.3.168.v201212121212]
[2019-05-11 17:34:45] Installing org.sat4j.core [2.3.5.v201308161310]
[2019-05-11 17:34:45] Installing org.sat4j.pb [2.3.5.v201404071733]
[2019-05-11 17:34:45] Installing org.tukaani.xz [1.5.0.v20170111-1717]
[2019-05-11 17:34:45] Installing org.w3c.css.sac [1.3.1.v200903091627]
[2019-05-11 17:34:45] Installing org.w3c.dom.events [3.0.0.draft20060413_v201105210656]
[2019-05-11 17:34:45] Installing org.w3c.dom.smil [1.0.1.v200903091627]
[2019-05-11 17:34:45] Installing org.w3c.dom.svg [1.1.0.v201011041433]
[2019-05-11 17:34:45] Installing tooling.org.eclipse.update.feature.default [1.0.0]
[2019-05-11 17:34:45] Installing tooling.osgi.bundle.default [1.0.0]
[2019-05-11 17:34:45] Installing tooling.source.default [1.0.0]
[2019-05-11 17:34:45] Installing toolinggtk.linux.x86_64org.eclipse.core.runtime [4.7.3.M20180330-0640]
[2019-05-11 17:34:45] Installing toolinggtk.linux.x86_64org.eclipse.equinox.common [4.7.3.M20180330-0640]
[2019-05-11 17:34:45] Installing toolinggtk.linux.x86_64org.eclipse.equinox.ds [4.7.3.M20180330-0640]
[2019-05-11 17:34:45] Installing toolinggtk.linux.x86_64org.eclipse.equinox.event [4.7.3.M20180330-0640]
[2019-05-11 17:34:45] Installing toolinggtk.linux.x86_64org.eclipse.equinox.p2.reconciler.dropins [4.7.3.M20180330-0640]
[2019-05-11 17:34:45] Installing toolinggtk.linux.x86_64org.eclipse.equinox.simpleconfigurator [4.7.3.M20180330-0640]
[2019-05-11 17:34:45] Installing toolinggtk.linux.x86_64org.eclipse.update.configurator [4.7.3.M20180330-0640]
[2019-05-11 17:34:45] Installing toolingorg.eclipse.equinox.launcher [1.4.0.v20161219-1356]
[2019-05-11 17:34:45] Installing toolingorg.eclipse.equinox.launcher.gtk.linux.x86_64 [1.1.551.v20171108-1834]
[2019-05-11 17:34:45] Installing toolingorg.eclipse.platform.configuration [1.0.0]
[2019-05-11 17:34:45] Installing toolingorg.eclipse.platform.ide.application [4.7.3.M20180330-0640]
[2019-05-11 17:34:45] Installing toolingorg.eclipse.platform.ide.config.gtk.linux.x86_64 [4.7.3.M20180330-0640]
[2019-05-11 17:34:45] Installing toolingorg.eclipse.platform.ide.configuration [4.7.3.M20180330-0640]
[2019-05-11 17:34:45] Installing toolingorg.eclipse.platform.ide.executable.gtk.linux.x86_64 [4.7.3.M20180330-0640]
[2019-05-11 17:34:45] Installing toolingorg.eclipse.platform.ide.ini.gtk.linux.x86_64 [4.7.3.M20180330-0640]
[2019-05-11 17:34:45] Preparing to commit the provisioning operation.
[2019-05-11 17:34:45] Committing the provisioning operation.
[2019-05-11 17:34:46] Performing Eclipse Ini --launcher.appendVmargs
[2019-05-11 17:34:46] Performing Eclipse Ini -vm /usr/lib/jvm/java-8-openjdk-amd64/jre/bin
[2019-05-11 17:34:46] Changing /home/dominik/eclipse/cdo-server-oxygen/eclipse/eclipse.ini (-vm /usr/lib/jvm/java-8-openjdk-amd64/jre/bin)
[2019-05-11 17:34:46] Performing Eclipse Ini -Declipse.p2.max.threads=10
[2019-05-11 17:34:46] Changing /home/dominik/eclipse/cdo-server-oxygen/eclipse/eclipse.ini (-Declipse.p2.max.threads=10)
[2019-05-11 17:34:46] Performing Eclipse Ini -Doomph.update.url=http://download.eclipse.org/oomph/updates/latest
[2019-05-11 17:34:46] Changing /home/dominik/eclipse/cdo-server-oxygen/eclipse/eclipse.ini (-Doomph.update.url=http://download.eclipse.org/oomph/updates/latest)
[2019-05-11 17:34:46] Performing Eclipse Ini -Doomph.redirection.index.redirection=index:/->http://git.eclipse.org/c/oomph/org.eclipse.oomph.git/plain/setups/
[2019-05-11 17:34:46] Changing /home/dominik/eclipse/cdo-server-oxygen/eclipse/eclipse.ini (-Doomph.redirection.index.redirection=index:/->http://git.eclipse.org/c/oomph/org.eclipse.oomph.git/plain/setups/)
[2019-05-11 17:34:46] Performing Eclipse Ini -Dnet4j.config=/home/dominik/eclipse/cdo-server-oxygen/eclipse
[2019-05-11 17:34:46] Changing /home/dominik/eclipse/cdo-server-oxygen/eclipse/eclipse.ini (-Dnet4j.config=/home/dominik/eclipse/cdo-server-oxygen/eclipse)
[2019-05-11 17:34:46] Performing Eclipse Ini -Xmx1g
[2019-05-11 17:34:46] Changing /home/dominik/eclipse/cdo-server-oxygen/eclipse/eclipse.ini (-Xmx1g)
[2019-05-11 17:34:46] Performing Eclipse Ini -console
[2019-05-11 17:34:46] Changing /home/dominik/eclipse/cdo-server-oxygen/eclipse/eclipse.ini (-console)
[2019-05-11 17:34:46] Performing Text Modify file:/home/dominik/eclipse/cdo-server-oxygen/eclipse/configuration/config.ini
[2019-05-11 17:34:46] Modifying file:/home/dominik/eclipse/cdo-server-oxygen/eclipse/configuration/config.ini
[2019-05-11 17:34:46] Performing Resource Creation file:/home/dominik/eclipse/cdo-server-oxygen/eclipse/cdo-server.xml
[2019-05-11 17:34:46] Creating file:/home/dominik/eclipse/cdo-server-oxygen/eclipse/cdo-server.xml
[2019-05-11 17:34:46] Performing post bootstrap tasks
[2019-05-11 17:34:46] 
